/root/xiatuo/keyframes/app/forms.py:1: ExtDeprecationWarning: Importing flask.ext.wtf is deprecated, use flask_wtf instead.
  from flask.ext.wtf import Form
 * Running on http://123.56.144.24:5000/ (Press CTRL+C to quit)
 * Restarting with stat
/root/xiatuo/keyframes/app/forms.py:1: ExtDeprecationWarning: Importing flask.ext.wtf is deprecated, use flask_wtf instead.
  from flask.ext.wtf import Form
 * Debugger is active!
 * Debugger pin code: 424-323-615
/root/xiatuo/keyframes/app/views.py:61: FlaskWTFDeprecationWarning: "flask_wtf.Form" has been renamed to "FlaskForm" and will be removed in 1.0.
  form = SubmitForm()
61.135.152.137 - - [12/Oct/2016 19:58:29] "GET /submit HTTP/1.1" 200 -
/root/xiatuo/keyframes/app/views.py:61: FlaskWTFDeprecationWarning: "flask_wtf.Form" has been renamed to "FlaskForm" and will be removed in 1.0.
  form = SubmitForm()
ffmpeg version 3.1.2 Copyright (c) 2000-2016 the FFmpeg developers
  built with gcc 4.8.5 (GCC) 20150623 (Red Hat 4.8.5-4)
  configuration: --enable-shared --prefix=/usr/local/ffmpeg
  libavutil      55. 28.100 / 55. 28.100
  libavcodec     57. 48.101 / 57. 48.101
  libavformat    57. 41.100 / 57. 41.100
  libavdevice    57.  0.101 / 57.  0.101
  libavfilter     6. 47.100 /  6. 47.100
  libswscale      4.  1.100 /  4.  1.100
  libswresample   2.  1.100 /  2.  1.100
